mode: atomic
github.com/confidential-containers/cloud-api-adaptor/src/cloud-providers/libvirt/cloudinit.go:20.65,22.16 2 2
github.com/confidential-containers/cloud-api-adaptor/src/cloud-providers/libvirt/cloudinit.go:22.16,24.3 1 0
github.com/confidential-containers/cloud-api-adaptor/src/cloud-providers/libvirt/cloudinit.go:25.2,28.16 3 2
github.com/confidential-containers/cloud-api-adaptor/src/cloud-providers/libvirt/cloudinit.go:28.16,30.3 1 0
github.com/confidential-containers/cloud-api-adaptor/src/cloud-providers/libvirt/cloudinit.go:32.2,33.16 2 2
github.com/confidential-containers/cloud-api-adaptor/src/cloud-providers/libvirt/cloudinit.go:33.16,35.3 1 0
github.com/confidential-containers/cloud-api-adaptor/src/cloud-providers/libvirt/cloudinit.go:37.2,38.16 2 2
github.com/confidential-containers/cloud-api-adaptor/src/cloud-providers/libvirt/cloudinit.go:38.16,40.3 1 0
github.com/confidential-containers/cloud-api-adaptor/src/cloud-providers/libvirt/cloudinit.go:42.2,45.16 3 2
github.com/confidential-containers/cloud-api-adaptor/src/cloud-providers/libvirt/cloudinit.go:45.16,47.3 1 0
github.com/confidential-containers/cloud-api-adaptor/src/cloud-providers/libvirt/cloudinit.go:50.2,50.25 1 2
github.com/confidential-containers/cloud-api-adaptor/src/cloud-providers/libvirt/image.go:30.54,32.2 1 15
github.com/confidential-containers/cloud-api-adaptor/src/cloud-providers/libvirt/image.go:34.41,36.2 1 2
github.com/confidential-containers/cloud-api-adaptor/src/cloud-providers/libvirt/image.go:38.48,40.2 1 15
github.com/confidential-containers/cloud-api-adaptor/src/cloud-providers/libvirt/image.go:42.103,44.2 1 8
github.com/confidential-containers/cloud-api-adaptor/src/cloud-providers/libvirt/libvirt.go:43.54,50.2 4 1
github.com/confidential-containers/cloud-api-adaptor/src/cloud-providers/libvirt/libvirt.go:52.97,56.16 3 0
github.com/confidential-containers/cloud-api-adaptor/src/cloud-providers/libvirt/libvirt.go:56.16,57.56 1 0
github.com/confidential-containers/cloud-api-adaptor/src/cloud-providers/libvirt/libvirt.go:57.56,59.4 1 0
github.com/confidential-containers/cloud-api-adaptor/src/cloud-providers/libvirt/libvirt.go:60.3,60.20 1 0
github.com/confidential-containers/cloud-api-adaptor/src/cloud-providers/libvirt/libvirt.go:62.2,64.18 2 0
github.com/confidential-containers/cloud-api-adaptor/src/cloud-providers/libvirt/libvirt.go:68.97,74.16 4 0
github.com/confidential-containers/cloud-api-adaptor/src/cloud-providers/libvirt/libvirt.go:74.16,76.3 1 0
github.com/confidential-containers/cloud-api-adaptor/src/cloud-providers/libvirt/libvirt.go:78.2,79.16 2 0
github.com/confidential-containers/cloud-api-adaptor/src/cloud-providers/libvirt/libvirt.go:79.16,81.3 1 0
github.com/confidential-containers/cloud-api-adaptor/src/cloud-providers/libvirt/libvirt.go:83.2,87.52 4 0
github.com/confidential-containers/cloud-api-adaptor/src/cloud-providers/libvirt/libvirt.go:91.108,92.36 1 0
github.com/confidential-containers/cloud-api-adaptor/src/cloud-providers/libvirt/libvirt.go:92.36,93.56 1 0
github.com/confidential-containers/cloud-api-adaptor/src/cloud-providers/libvirt/libvirt.go:93.56,95.4 1 0
github.com/confidential-containers/cloud-api-adaptor/src/cloud-providers/libvirt/libvirt.go:97.2,97.95 1 0
github.com/confidential-containers/cloud-api-adaptor/src/cloud-providers/libvirt/libvirt.go:101.75,103.16 2 0
github.com/confidential-containers/cloud-api-adaptor/src/cloud-providers/libvirt/libvirt.go:103.16,105.3 1 0
github.com/confidential-containers/cloud-api-adaptor/src/cloud-providers/libvirt/libvirt.go:107.2,109.16 3 0
github.com/confidential-containers/cloud-api-adaptor/src/cloud-providers/libvirt/libvirt.go:109.16,111.3 1 0
github.com/confidential-containers/cloud-api-adaptor/src/cloud-providers/libvirt/libvirt.go:113.2,113.18 1 0
github.com/confidential-containers/cloud-api-adaptor/src/cloud-providers/libvirt/libvirt.go:116.198,118.16 2 0
github.com/confidential-containers/cloud-api-adaptor/src/cloud-providers/libvirt/libvirt.go:118.16,120.3 1 0
github.com/confidential-containers/cloud-api-adaptor/src/cloud-providers/libvirt/libvirt.go:121.2,123.16 3 0
github.com/confidential-containers/cloud-api-adaptor/src/cloud-providers/libvirt/libvirt.go:123.16,126.3 1 0
github.com/confidential-containers/cloud-api-adaptor/src/cloud-providers/libvirt/libvirt.go:127.2,127.18 1 0
github.com/confidential-containers/cloud-api-adaptor/src/cloud-providers/libvirt/libvirt.go:131.89,132.35 1 3
github.com/confidential-containers/cloud-api-adaptor/src/cloud-providers/libvirt/libvirt.go:132.35,133.36 1 6
github.com/confidential-containers/cloud-api-adaptor/src/cloud-providers/libvirt/libvirt.go:133.36,134.31 1 2
github.com/confidential-containers/cloud-api-adaptor/src/cloud-providers/libvirt/libvirt.go:134.31,136.5 1 1
github.com/confidential-containers/cloud-api-adaptor/src/cloud-providers/libvirt/libvirt.go:137.4,137.23 1 1
github.com/confidential-containers/cloud-api-adaptor/src/cloud-providers/libvirt/libvirt.go:140.2,140.11 1 1
github.com/confidential-containers/cloud-api-adaptor/src/cloud-providers/libvirt/libvirt.go:145.121,147.16 2 0
github.com/confidential-containers/cloud-api-adaptor/src/cloud-providers/libvirt/libvirt.go:147.16,149.3 1 0
github.com/confidential-containers/cloud-api-adaptor/src/cloud-providers/libvirt/libvirt.go:151.2,152.16 2 0
github.com/confidential-containers/cloud-api-adaptor/src/cloud-providers/libvirt/libvirt.go:152.16,154.3 1 0
github.com/confidential-containers/cloud-api-adaptor/src/cloud-providers/libvirt/libvirt.go:156.2,156.44 1 0
github.com/confidential-containers/cloud-api-adaptor/src/cloud-providers/libvirt/libvirt.go:156.44,158.17 2 0
github.com/confidential-containers/cloud-api-adaptor/src/cloud-providers/libvirt/libvirt.go:158.17,160.4 1 0
github.com/confidential-containers/cloud-api-adaptor/src/cloud-providers/libvirt/libvirt.go:163.2,163.107 1 0
github.com/confidential-containers/cloud-api-adaptor/src/cloud-providers/libvirt/libvirt.go:166.111,169.16 2 0
github.com/confidential-containers/cloud-api-adaptor/src/cloud-providers/libvirt/libvirt.go:169.16,171.3 1 0
github.com/confidential-containers/cloud-api-adaptor/src/cloud-providers/libvirt/libvirt.go:173.2,174.16 2 0
github.com/confidential-containers/cloud-api-adaptor/src/cloud-providers/libvirt/libvirt.go:174.16,176.3 1 0
github.com/confidential-containers/cloud-api-adaptor/src/cloud-providers/libvirt/libvirt.go:178.2,284.8 3 0
github.com/confidential-containers/cloud-api-adaptor/src/cloud-providers/libvirt/libvirt.go:287.112,352.23 3 0
github.com/confidential-containers/cloud-api-adaptor/src/cloud-providers/libvirt/libvirt.go:352.23,368.3 7 0
github.com/confidential-containers/cloud-api-adaptor/src/cloud-providers/libvirt/libvirt.go:370.2,370.39 1 0
github.com/confidential-containers/cloud-api-adaptor/src/cloud-providers/libvirt/libvirt.go:371.24,372.21 1 0
github.com/confidential-containers/cloud-api-adaptor/src/cloud-providers/libvirt/libvirt.go:373.10,374.89 1 0
github.com/confidential-containers/cloud-api-adaptor/src/cloud-providers/libvirt/libvirt.go:379.113,382.16 2 0
github.com/confidential-containers/cloud-api-adaptor/src/cloud-providers/libvirt/libvirt.go:382.16,384.3 1 0
github.com/confidential-containers/cloud-api-adaptor/src/cloud-providers/libvirt/libvirt.go:385.2,386.16 2 0
github.com/confidential-containers/cloud-api-adaptor/src/cloud-providers/libvirt/libvirt.go:386.16,388.3 1 0
github.com/confidential-containers/cloud-api-adaptor/src/cloud-providers/libvirt/libvirt.go:390.2,485.20 4 0
github.com/confidential-containers/cloud-api-adaptor/src/cloud-providers/libvirt/libvirt.go:489.106,490.31 1 0
github.com/confidential-containers/cloud-api-adaptor/src/cloud-providers/libvirt/libvirt.go:491.17,492.47 1 0
github.com/confidential-containers/cloud-api-adaptor/src/cloud-providers/libvirt/libvirt.go:493.19,494.49 1 0
github.com/confidential-containers/cloud-api-adaptor/src/cloud-providers/libvirt/libvirt.go:495.10,496.48 1 0
github.com/confidential-containers/cloud-api-adaptor/src/cloud-providers/libvirt/libvirt.go:505.62,509.16 3 0
github.com/confidential-containers/cloud-api-adaptor/src/cloud-providers/libvirt/libvirt.go:509.16,512.3 2 0
github.com/confidential-containers/cloud-api-adaptor/src/cloud-providers/libvirt/libvirt.go:514.2,514.34 1 0
github.com/confidential-containers/cloud-api-adaptor/src/cloud-providers/libvirt/libvirt.go:514.34,515.36 1 0
github.com/confidential-containers/cloud-api-adaptor/src/cloud-providers/libvirt/libvirt.go:515.36,517.18 2 0
github.com/confidential-containers/cloud-api-adaptor/src/cloud-providers/libvirt/libvirt.go:517.18,519.5 1 0
github.com/confidential-containers/cloud-api-adaptor/src/cloud-providers/libvirt/libvirt.go:520.4,520.33 1 0
github.com/confidential-containers/cloud-api-adaptor/src/cloud-providers/libvirt/libvirt.go:524.2,524.17 1 0
github.com/confidential-containers/cloud-api-adaptor/src/cloud-providers/libvirt/libvirt.go:527.123,532.16 3 0
github.com/confidential-containers/cloud-api-adaptor/src/cloud-providers/libvirt/libvirt.go:532.16,534.3 1 0
github.com/confidential-containers/cloud-api-adaptor/src/cloud-providers/libvirt/libvirt.go:535.2,535.12 1 0
github.com/confidential-containers/cloud-api-adaptor/src/cloud-providers/libvirt/libvirt.go:535.12,540.3 2 0
github.com/confidential-containers/cloud-api-adaptor/src/cloud-providers/libvirt/libvirt.go:542.2,544.16 3 0
github.com/confidential-containers/cloud-api-adaptor/src/cloud-providers/libvirt/libvirt.go:544.16,546.3 1 0
github.com/confidential-containers/cloud-api-adaptor/src/cloud-providers/libvirt/libvirt.go:548.2,549.16 2 0
github.com/confidential-containers/cloud-api-adaptor/src/cloud-providers/libvirt/libvirt.go:549.16,551.3 1 0
github.com/confidential-containers/cloud-api-adaptor/src/cloud-providers/libvirt/libvirt.go:553.2,555.16 3 0
github.com/confidential-containers/cloud-api-adaptor/src/cloud-providers/libvirt/libvirt.go:555.16,557.3 1 0
github.com/confidential-containers/cloud-api-adaptor/src/cloud-providers/libvirt/libvirt.go:559.2,560.16 2 0
github.com/confidential-containers/cloud-api-adaptor/src/cloud-providers/libvirt/libvirt.go:560.16,562.3 1 0
github.com/confidential-containers/cloud-api-adaptor/src/cloud-providers/libvirt/libvirt.go:564.2,565.16 2 0
github.com/confidential-containers/cloud-api-adaptor/src/cloud-providers/libvirt/libvirt.go:565.16,567.3 1 0
github.com/confidential-containers/cloud-api-adaptor/src/cloud-providers/libvirt/libvirt.go:569.2,579.16 3 0
github.com/confidential-containers/cloud-api-adaptor/src/cloud-providers/libvirt/libvirt.go:579.16,581.3 1 0
github.com/confidential-containers/cloud-api-adaptor/src/cloud-providers/libvirt/libvirt.go:583.2,585.16 3 0
github.com/confidential-containers/cloud-api-adaptor/src/cloud-providers/libvirt/libvirt.go:585.16,587.3 1 0
github.com/confidential-containers/cloud-api-adaptor/src/cloud-providers/libvirt/libvirt.go:589.2,591.16 3 0
github.com/confidential-containers/cloud-api-adaptor/src/cloud-providers/libvirt/libvirt.go:591.16,593.3 1 0
github.com/confidential-containers/cloud-api-adaptor/src/cloud-providers/libvirt/libvirt.go:596.2,598.16 3 0
github.com/confidential-containers/cloud-api-adaptor/src/cloud-providers/libvirt/libvirt.go:598.16,600.3 1 0
github.com/confidential-containers/cloud-api-adaptor/src/cloud-providers/libvirt/libvirt.go:603.2,604.16 2 0
github.com/confidential-containers/cloud-api-adaptor/src/cloud-providers/libvirt/libvirt.go:604.16,606.3 1 0
github.com/confidential-containers/cloud-api-adaptor/src/cloud-providers/libvirt/libvirt.go:611.2,616.16 3 0
github.com/confidential-containers/cloud-api-adaptor/src/cloud-providers/libvirt/libvirt.go:616.16,618.18 2 0
github.com/confidential-containers/cloud-api-adaptor/src/cloud-providers/libvirt/libvirt.go:618.18,621.5 1 0
github.com/confidential-containers/cloud-api-adaptor/src/cloud-providers/libvirt/libvirt.go:623.4,623.20 1 0
github.com/confidential-containers/cloud-api-adaptor/src/cloud-providers/libvirt/libvirt.go:623.20,625.5 1 0
github.com/confidential-containers/cloud-api-adaptor/src/cloud-providers/libvirt/libvirt.go:626.4,626.56 1 0
github.com/confidential-containers/cloud-api-adaptor/src/cloud-providers/libvirt/libvirt.go:630.16,637.3 2 0
github.com/confidential-containers/cloud-api-adaptor/src/cloud-providers/libvirt/libvirt.go:639.2,639.48 1 0
github.com/confidential-containers/cloud-api-adaptor/src/cloud-providers/libvirt/libvirt.go:639.48,644.3 1 0
github.com/confidential-containers/cloud-api-adaptor/src/cloud-providers/libvirt/libvirt.go:646.2,649.8 2 0
github.com/confidential-containers/cloud-api-adaptor/src/cloud-providers/libvirt/libvirt.go:652.101,658.16 3 0
github.com/confidential-containers/cloud-api-adaptor/src/cloud-providers/libvirt/libvirt.go:658.16,661.3 2 0
github.com/confidential-containers/cloud-api-adaptor/src/cloud-providers/libvirt/libvirt.go:663.2,667.16 3 0
github.com/confidential-containers/cloud-api-adaptor/src/cloud-providers/libvirt/libvirt.go:667.16,670.3 2 0
github.com/confidential-containers/cloud-api-adaptor/src/cloud-providers/libvirt/libvirt.go:672.2,672.71 1 0
github.com/confidential-containers/cloud-api-adaptor/src/cloud-providers/libvirt/libvirt.go:672.71,673.41 1 0
github.com/confidential-containers/cloud-api-adaptor/src/cloud-providers/libvirt/libvirt.go:673.41,676.4 2 0
github.com/confidential-containers/cloud-api-adaptor/src/cloud-providers/libvirt/libvirt.go:680.2,681.16 2 0
github.com/confidential-containers/cloud-api-adaptor/src/cloud-providers/libvirt/libvirt.go:681.16,684.3 2 0
github.com/confidential-containers/cloud-api-adaptor/src/cloud-providers/libvirt/libvirt.go:685.2,687.16 3 0
github.com/confidential-containers/cloud-api-adaptor/src/cloud-providers/libvirt/libvirt.go:687.16,689.3 1 0
github.com/confidential-containers/cloud-api-adaptor/src/cloud-providers/libvirt/libvirt.go:692.2,697.16 5 0
github.com/confidential-containers/cloud-api-adaptor/src/cloud-providers/libvirt/libvirt.go:697.16,699.3 1 0
github.com/confidential-containers/cloud-api-adaptor/src/cloud-providers/libvirt/libvirt.go:700.2,701.16 2 0
github.com/confidential-containers/cloud-api-adaptor/src/cloud-providers/libvirt/libvirt.go:701.16,703.3 1 0
github.com/confidential-containers/cloud-api-adaptor/src/cloud-providers/libvirt/libvirt.go:705.2,705.76 1 0
github.com/confidential-containers/cloud-api-adaptor/src/cloud-providers/libvirt/libvirt.go:705.76,706.102 1 0
github.com/confidential-containers/cloud-api-adaptor/src/cloud-providers/libvirt/libvirt.go:706.102,708.43 2 0
github.com/confidential-containers/cloud-api-adaptor/src/cloud-providers/libvirt/libvirt.go:708.43,711.5 2 0
github.com/confidential-containers/cloud-api-adaptor/src/cloud-providers/libvirt/libvirt.go:712.9,715.4 2 0
github.com/confidential-containers/cloud-api-adaptor/src/cloud-providers/libvirt/libvirt.go:718.2,718.12 1 0
github.com/confidential-containers/cloud-api-adaptor/src/cloud-providers/libvirt/libvirt.go:721.66,725.16 2 3
github.com/confidential-containers/cloud-api-adaptor/src/cloud-providers/libvirt/libvirt.go:725.16,727.3 1 2
github.com/confidential-containers/cloud-api-adaptor/src/cloud-providers/libvirt/libvirt.go:729.2,730.16 2 1
github.com/confidential-containers/cloud-api-adaptor/src/cloud-providers/libvirt/libvirt.go:730.16,732.3 1 1
github.com/confidential-containers/cloud-api-adaptor/src/cloud-providers/libvirt/libvirt.go:734.2,735.16 2 0
github.com/confidential-containers/cloud-api-adaptor/src/cloud-providers/libvirt/libvirt.go:735.16,737.3 1 0
github.com/confidential-containers/cloud-api-adaptor/src/cloud-providers/libvirt/libvirt.go:739.2,740.16 2 0
github.com/confidential-containers/cloud-api-adaptor/src/cloud-providers/libvirt/libvirt.go:740.16,742.3 1 0
github.com/confidential-containers/cloud-api-adaptor/src/cloud-providers/libvirt/libvirt.go:744.2,755.8 2 0
github.com/confidential-containers/cloud-api-adaptor/src/cloud-providers/libvirt/libvirt.go:761.56,763.37 2 0
github.com/confidential-containers/cloud-api-adaptor/src/cloud-providers/libvirt/libvirt.go:763.37,765.3 1 0
github.com/confidential-containers/cloud-api-adaptor/src/cloud-providers/libvirt/libvirt.go:770.68,772.16 2 1
github.com/confidential-containers/cloud-api-adaptor/src/cloud-providers/libvirt/libvirt.go:772.16,774.3 1 1
github.com/confidential-containers/cloud-api-adaptor/src/cloud-providers/libvirt/libvirt.go:776.2,777.16 2 0
github.com/confidential-containers/cloud-api-adaptor/src/cloud-providers/libvirt/libvirt.go:777.16,779.3 1 0
github.com/confidential-containers/cloud-api-adaptor/src/cloud-providers/libvirt/libvirt.go:781.2,781.24 1 0
github.com/confidential-containers/cloud-api-adaptor/src/cloud-providers/libvirt/libvirt.go:782.17,783.21 1 0
github.com/confidential-containers/cloud-api-adaptor/src/cloud-providers/libvirt/libvirt.go:784.16,785.31 1 0
github.com/confidential-containers/cloud-api-adaptor/src/cloud-providers/libvirt/libvirt.go:786.10,787.31 1 0
github.com/confidential-containers/cloud-api-adaptor/src/cloud-providers/libvirt/manager.go:30.13,32.2 1 1
github.com/confidential-containers/cloud-api-adaptor/src/cloud-providers/libvirt/manager.go:34.47,50.2 11 7
github.com/confidential-containers/cloud-api-adaptor/src/cloud-providers/libvirt/manager.go:52.28,54.2 0 1
github.com/confidential-containers/cloud-api-adaptor/src/cloud-providers/libvirt/manager.go:56.58,58.2 1 1
github.com/confidential-containers/cloud-api-adaptor/src/cloud-providers/libvirt/manager.go:60.46,62.2 1 1
github.com/confidential-containers/cloud-api-adaptor/src/cloud-providers/libvirt/provider.go:28.61,33.16 3 3
github.com/confidential-containers/cloud-api-adaptor/src/cloud-providers/libvirt/provider.go:33.16,36.3 2 3
github.com/confidential-containers/cloud-api-adaptor/src/cloud-providers/libvirt/provider.go:38.2,43.22 2 0
github.com/confidential-containers/cloud-api-adaptor/src/cloud-providers/libvirt/provider.go:46.55,48.2 1 4
github.com/confidential-containers/cloud-api-adaptor/src/cloud-providers/libvirt/provider.go:50.194,57.16 5 0
github.com/confidential-containers/cloud-api-adaptor/src/cloud-providers/libvirt/provider.go:57.16,59.3 1 0
github.com/confidential-containers/cloud-api-adaptor/src/cloud-providers/libvirt/provider.go:61.2,61.22 1 0
github.com/confidential-containers/cloud-api-adaptor/src/cloud-providers/libvirt/provider.go:61.22,63.3 1 0
github.com/confidential-containers/cloud-api-adaptor/src/cloud-providers/libvirt/provider.go:63.8,65.3 1 0
github.com/confidential-containers/cloud-api-adaptor/src/cloud-providers/libvirt/provider.go:67.2,67.21 1 0
github.com/confidential-containers/cloud-api-adaptor/src/cloud-providers/libvirt/provider.go:67.21,69.3 1 0
github.com/confidential-containers/cloud-api-adaptor/src/cloud-providers/libvirt/provider.go:69.8,71.3 1 0
github.com/confidential-containers/cloud-api-adaptor/src/cloud-providers/libvirt/provider.go:74.2,76.32 2 0
github.com/confidential-containers/cloud-api-adaptor/src/cloud-providers/libvirt/provider.go:76.32,78.3 1 0
github.com/confidential-containers/cloud-api-adaptor/src/cloud-providers/libvirt/provider.go:78.8,78.49 1 0
github.com/confidential-containers/cloud-api-adaptor/src/cloud-providers/libvirt/provider.go:78.49,79.41 1 0
github.com/confidential-containers/cloud-api-adaptor/src/cloud-providers/libvirt/provider.go:80.18,81.34 1 0
github.com/confidential-containers/cloud-api-adaptor/src/cloud-providers/libvirt/provider.go:82.11,83.105 1 0
github.com/confidential-containers/cloud-api-adaptor/src/cloud-providers/libvirt/provider.go:85.8,87.17 2 0
github.com/confidential-containers/cloud-api-adaptor/src/cloud-providers/libvirt/provider.go:87.17,90.4 2 0
github.com/confidential-containers/cloud-api-adaptor/src/cloud-providers/libvirt/provider.go:92.2,94.22 2 0
github.com/confidential-containers/cloud-api-adaptor/src/cloud-providers/libvirt/provider.go:94.22,97.3 2 0
github.com/confidential-containers/cloud-api-adaptor/src/cloud-providers/libvirt/provider.go:97.8,97.83 1 0
github.com/confidential-containers/cloud-api-adaptor/src/cloud-providers/libvirt/provider.go:97.83,100.3 2 0
github.com/confidential-containers/cloud-api-adaptor/src/cloud-providers/libvirt/provider.go:102.2,103.16 2 0
github.com/confidential-containers/cloud-api-adaptor/src/cloud-providers/libvirt/provider.go:103.16,105.82 2 0
github.com/confidential-containers/cloud-api-adaptor/src/cloud-providers/libvirt/provider.go:105.82,113.4 3 0
github.com/confidential-containers/cloud-api-adaptor/src/cloud-providers/libvirt/provider.go:114.3,114.18 1 0
github.com/confidential-containers/cloud-api-adaptor/src/cloud-providers/libvirt/provider.go:117.2,123.16 4 0
github.com/confidential-containers/cloud-api-adaptor/src/cloud-providers/libvirt/provider.go:123.16,132.3 3 0
github.com/confidential-containers/cloud-api-adaptor/src/cloud-providers/libvirt/provider.go:134.2,140.22 2 0
github.com/confidential-containers/cloud-api-adaptor/src/cloud-providers/libvirt/provider.go:143.88,144.22 1 0
github.com/confidential-containers/cloud-api-adaptor/src/cloud-providers/libvirt/provider.go:144.22,146.3 1 0
github.com/confidential-containers/cloud-api-adaptor/src/cloud-providers/libvirt/provider.go:148.2,149.16 2 0
github.com/confidential-containers/cloud-api-adaptor/src/cloud-providers/libvirt/provider.go:149.16,151.3 1 0
github.com/confidential-containers/cloud-api-adaptor/src/cloud-providers/libvirt/provider.go:152.2,153.12 2 0
github.com/confidential-containers/cloud-api-adaptor/src/cloud-providers/libvirt/provider.go:156.44,158.2 1 1
github.com/confidential-containers/cloud-api-adaptor/src/cloud-providers/libvirt/provider.go:160.50,162.23 2 6
github.com/confidential-containers/cloud-api-adaptor/src/cloud-providers/libvirt/provider.go:162.23,164.3 1 2
github.com/confidential-containers/cloud-api-adaptor/src/cloud-providers/libvirt/provider.go:165.2,165.12 1 4
github.com/confidential-containers/cloud-api-adaptor/src/cloud-providers/libvirt/stream.go:26.46,28.2 1 0
github.com/confidential-containers/cloud-api-adaptor/src/cloud-providers/libvirt/stream.go:30.50,32.2 1 0
github.com/confidential-containers/cloud-api-adaptor/src/cloud-providers/libvirt/stream.go:34.51,36.2 1 0
github.com/confidential-containers/cloud-api-adaptor/src/cloud-providers/libvirt/stream.go:39.36,41.2 1 0
github.com/confidential-containers/cloud-api-adaptor/src/cloud-providers/libvirt/types.go:73.45,74.11 1 3
github.com/confidential-containers/cloud-api-adaptor/src/cloud-providers/libvirt/types.go:75.24,76.16 1 1
github.com/confidential-containers/cloud-api-adaptor/src/cloud-providers/libvirt/types.go:77.14,78.18 1 1
github.com/confidential-containers/cloud-api-adaptor/src/cloud-providers/libvirt/types.go:79.10,80.19 1 1
github.com/confidential-containers/cloud-api-adaptor/src/cloud-providers/libvirt/volume.go:30.64,32.6 2 7
github.com/confidential-containers/cloud-api-adaptor/src/cloud-providers/libvirt/volume.go:32.6,34.17 2 29
github.com/confidential-containers/cloud-api-adaptor/src/cloud-providers/libvirt/volume.go:34.17,36.4 1 5
github.com/confidential-containers/cloud-api-adaptor/src/cloud-providers/libvirt/volume.go:37.3,40.38 3 24
github.com/confidential-containers/cloud-api-adaptor/src/cloud-providers/libvirt/volume.go:40.38,42.4 1 2
github.com/confidential-containers/cloud-api-adaptor/src/cloud-providers/libvirt/volume.go:46.57,62.2 1 4
github.com/confidential-containers/cloud-api-adaptor/src/cloud-providers/libvirt/volume.go:64.114,66.16 2 0
github.com/confidential-containers/cloud-api-adaptor/src/cloud-providers/libvirt/volume.go:66.16,68.3 1 0
github.com/confidential-containers/cloud-api-adaptor/src/cloud-providers/libvirt/volume.go:69.2,70.16 2 0
github.com/confidential-containers/cloud-api-adaptor/src/cloud-providers/libvirt/volume.go:70.16,72.3 1 0
github.com/confidential-containers/cloud-api-adaptor/src/cloud-providers/libvirt/volume.go:73.2,79.29 2 0
github.com/confidential-containers/cloud-api-adaptor/src/cloud-providers/libvirt/volume.go:82.92,84.16 2 0
github.com/confidential-containers/cloud-api-adaptor/src/cloud-providers/libvirt/volume.go:84.16,86.3 1 0
github.com/confidential-containers/cloud-api-adaptor/src/cloud-providers/libvirt/volume.go:87.2,88.16 2 0
github.com/confidential-containers/cloud-api-adaptor/src/cloud-providers/libvirt/volume.go:88.16,90.3 1 0
github.com/confidential-containers/cloud-api-adaptor/src/cloud-providers/libvirt/volume.go:91.2,92.16 2 0
github.com/confidential-containers/cloud-api-adaptor/src/cloud-providers/libvirt/volume.go:92.16,94.3 1 0
github.com/confidential-containers/cloud-api-adaptor/src/cloud-providers/libvirt/volume.go:95.2,95.23 1 0
github.com/confidential-containers/cloud-api-adaptor/src/cloud-providers/libvirt/volume.go:99.70,102.16 3 6
github.com/confidential-containers/cloud-api-adaptor/src/cloud-providers/libvirt/volume.go:102.16,104.3 1 3
github.com/confidential-containers/cloud-api-adaptor/src/cloud-providers/libvirt/volume.go:105.2,105.23 1 3
github.com/confidential-containers/cloud-api-adaptor/src/cloud-providers/libvirt/volume.go:108.126,112.72 1 0
github.com/confidential-containers/cloud-api-adaptor/src/cloud-providers/libvirt/volume.go:112.72,114.3 1 0
github.com/confidential-containers/cloud-api-adaptor/src/cloud-providers/libvirt/volume.go:115.2,115.16 1 0
github.com/confidential-containers/cloud-api-adaptor/src/cloud-providers/libvirt/volume.go:115.16,117.3 1 0
github.com/confidential-containers/cloud-api-adaptor/src/cloud-providers/libvirt/volume.go:119.2,120.16 2 0
github.com/confidential-containers/cloud-api-adaptor/src/cloud-providers/libvirt/volume.go:120.16,122.3 1 0
github.com/confidential-containers/cloud-api-adaptor/src/cloud-providers/libvirt/volume.go:124.2,125.16 2 0
github.com/confidential-containers/cloud-api-adaptor/src/cloud-providers/libvirt/volume.go:125.16,127.3 1 0
github.com/confidential-containers/cloud-api-adaptor/src/cloud-providers/libvirt/volume.go:128.2,132.16 3 0
github.com/confidential-containers/cloud-api-adaptor/src/cloud-providers/libvirt/volume.go:132.16,134.3 1 0
github.com/confidential-containers/cloud-api-adaptor/src/cloud-providers/libvirt/volume.go:136.2,137.16 2 0
github.com/confidential-containers/cloud-api-adaptor/src/cloud-providers/libvirt/volume.go:137.16,139.3 1 0
github.com/confidential-containers/cloud-api-adaptor/src/cloud-providers/libvirt/volume.go:140.2,141.23 2 0
github.com/confidential-containers/cloud-api-adaptor/src/cloud-providers/libvirt/volume.go:144.106,145.44 1 0
github.com/confidential-containers/cloud-api-adaptor/src/cloud-providers/libvirt/volume.go:145.44,149.17 3 0
github.com/confidential-containers/cloud-api-adaptor/src/cloud-providers/libvirt/volume.go:149.17,151.4 1 0
github.com/confidential-containers/cloud-api-adaptor/src/cloud-providers/libvirt/volume.go:153.3,153.16 1 0
github.com/confidential-containers/cloud-api-adaptor/src/cloud-providers/libvirt/volume.go:153.16,155.35 2 0
github.com/confidential-containers/cloud-api-adaptor/src/cloud-providers/libvirt/volume.go:155.35,157.5 1 0
github.com/confidential-containers/cloud-api-adaptor/src/cloud-providers/libvirt/volume.go:157.10,159.5 1 0
github.com/confidential-containers/cloud-api-adaptor/src/cloud-providers/libvirt/volume.go:160.4,160.35 1 0
github.com/confidential-containers/cloud-api-adaptor/src/cloud-providers/libvirt/volume.go:160.35,162.5 1 0
github.com/confidential-containers/cloud-api-adaptor/src/cloud-providers/libvirt/volume.go:163.4,164.35 2 0
github.com/confidential-containers/cloud-api-adaptor/src/cloud-providers/libvirt/volume.go:164.35,166.5 1 0
github.com/confidential-containers/cloud-api-adaptor/src/cloud-providers/libvirt/volume.go:169.3,169.58 1 0
github.com/confidential-containers/cloud-api-adaptor/src/cloud-providers/libvirt/volume.go:169.58,171.4 1 0
github.com/confidential-containers/cloud-api-adaptor/src/cloud-providers/libvirt/volume.go:173.3,176.17 3 0
github.com/confidential-containers/cloud-api-adaptor/src/cloud-providers/libvirt/volume.go:176.17,178.4 1 0
github.com/confidential-containers/cloud-api-adaptor/src/cloud-providers/libvirt/volume.go:179.3,180.13 2 0
github.com/confidential-containers/cloud-api-adaptor/src/cloud-providers/libvirt/volume.go:182.2,182.15 1 0
github.com/confidential-containers/cloud-api-adaptor/src/cloud-providers/libvirt/volume.go:185.113,191.16 4 0
github.com/confidential-containers/cloud-api-adaptor/src/cloud-providers/libvirt/volume.go:191.16,193.3 1 0
github.com/confidential-containers/cloud-api-adaptor/src/cloud-providers/libvirt/volume.go:194.2,198.16 4 0
github.com/confidential-containers/cloud-api-adaptor/src/cloud-providers/libvirt/volume.go:198.16,200.3 1 0
github.com/confidential-containers/cloud-api-adaptor/src/cloud-providers/libvirt/volume.go:202.2,202.39 1 0
github.com/confidential-containers/cloud-api-adaptor/src/cloud-providers/libvirt/volume.go:202.39,204.3 1 0
github.com/confidential-containers/cloud-api-adaptor/src/cloud-providers/libvirt/volume.go:204.8,206.3 1 0
github.com/confidential-containers/cloud-api-adaptor/src/cloud-providers/libvirt/volume.go:208.2,209.16 2 0
github.com/confidential-containers/cloud-api-adaptor/src/cloud-providers/libvirt/volume.go:209.16,211.3 1 0
github.com/confidential-containers/cloud-api-adaptor/src/cloud-providers/libvirt/volume.go:212.2,215.16 3 0
github.com/confidential-containers/cloud-api-adaptor/src/cloud-providers/libvirt/volume.go:215.16,217.3 1 0
github.com/confidential-containers/cloud-api-adaptor/src/cloud-providers/libvirt/volume.go:222.2,222.72 1 0
github.com/confidential-containers/cloud-api-adaptor/src/cloud-providers/libvirt/volume.go:222.72,224.3 1 0
github.com/confidential-containers/cloud-api-adaptor/src/cloud-providers/libvirt/volume.go:225.2,225.16 1 0
github.com/confidential-containers/cloud-api-adaptor/src/cloud-providers/libvirt/volume.go:225.16,227.3 1 0
github.com/confidential-containers/cloud-api-adaptor/src/cloud-providers/libvirt/volume.go:229.2,230.16 2 0
github.com/confidential-containers/cloud-api-adaptor/src/cloud-providers/libvirt/volume.go:230.16,232.3 1 0
github.com/confidential-containers/cloud-api-adaptor/src/cloud-providers/libvirt/volume.go:233.2,237.16 3 0
github.com/confidential-containers/cloud-api-adaptor/src/cloud-providers/libvirt/volume.go:237.16,239.3 1 0
github.com/confidential-containers/cloud-api-adaptor/src/cloud-providers/libvirt/volume.go:241.2,242.12 2 0
github.com/confidential-containers/cloud-api-adaptor/src/cloud-providers/libvirt/volume.go:246.94,250.16 2 0
github.com/confidential-containers/cloud-api-adaptor/src/cloud-providers/libvirt/volume.go:250.16,253.17 2 0
github.com/confidential-containers/cloud-api-adaptor/src/cloud-providers/libvirt/volume.go:253.17,255.4 1 0
github.com/confidential-containers/cloud-api-adaptor/src/cloud-providers/libvirt/volume.go:257.2,257.20 1 0
github.com/confidential-containers/cloud-api-adaptor/src/cloud-providers/libvirt/volume.go:261.92,265.16 3 0
github.com/confidential-containers/cloud-api-adaptor/src/cloud-providers/libvirt/volume.go:265.16,267.3 1 0
github.com/confidential-containers/cloud-api-adaptor/src/cloud-providers/libvirt/volume.go:268.2,270.18 2 0
github.com/confidential-containers/cloud-api-adaptor/src/cloud-providers/libvirt/volume.go:273.80,278.16 2 0
github.com/confidential-containers/cloud-api-adaptor/src/cloud-providers/libvirt/volume.go:278.16,281.3 2 0
github.com/confidential-containers/cloud-api-adaptor/src/cloud-providers/libvirt/volume.go:283.2,287.16 3 0
github.com/confidential-containers/cloud-api-adaptor/src/cloud-providers/libvirt/volume.go:287.16,290.3 2 0
github.com/confidential-containers/cloud-api-adaptor/src/cloud-providers/libvirt/volume.go:292.2,292.42 1 0
github.com/confidential-containers/cloud-api-adaptor/src/cloud-providers/libvirt/volume.go:296.74,298.16 2 0
github.com/confidential-containers/cloud-api-adaptor/src/cloud-providers/libvirt/volume.go:298.16,301.3 2 0
github.com/confidential-containers/cloud-api-adaptor/src/cloud-providers/libvirt/volume.go:302.2,302.13 1 0
github.com/confidential-containers/cloud-api-adaptor/src/cloud-providers/libvirt/volume.go:302.13,305.3 2 0
github.com/confidential-containers/cloud-api-adaptor/src/cloud-providers/libvirt/volume.go:306.2,309.16 3 0
github.com/confidential-containers/cloud-api-adaptor/src/cloud-providers/libvirt/volume.go:309.16,311.3 1 0
github.com/confidential-containers/cloud-api-adaptor/src/cloud-providers/libvirt/volume.go:312.2,317.16 3 0
github.com/confidential-containers/cloud-api-adaptor/src/cloud-providers/libvirt/volume.go:317.16,319.3 1 0
github.com/confidential-containers/cloud-api-adaptor/src/cloud-providers/libvirt/volume.go:320.2,320.15 1 0
github.com/confidential-containers/cloud-api-adaptor/src/cloud-providers/libvirt/volume.go:320.15,322.34 2 0
github.com/confidential-containers/cloud-api-adaptor/src/cloud-providers/libvirt/volume.go:322.34,324.4 1 0
github.com/confidential-containers/cloud-api-adaptor/src/cloud-providers/libvirt/volume.go:327.2,327.72 1 0
github.com/confidential-containers/cloud-api-adaptor/src/cloud-providers/libvirt/volume.go:327.72,329.3 1 0
github.com/confidential-containers/cloud-api-adaptor/src/cloud-providers/libvirt/volume.go:330.2,330.16 1 0
github.com/confidential-containers/cloud-api-adaptor/src/cloud-providers/libvirt/volume.go:330.16,332.3 1 0
github.com/confidential-containers/cloud-api-adaptor/src/cloud-providers/libvirt/volume.go:334.2,335.16 2 0
github.com/confidential-containers/cloud-api-adaptor/src/cloud-providers/libvirt/volume.go:335.16,337.3 1 0
github.com/confidential-containers/cloud-api-adaptor/src/cloud-providers/libvirt/volume.go:339.2,339.12 1 0
github.com/confidential-containers/cloud-api-adaptor/src/cloud-providers/libvirt/volume.go:345.60,347.37 2 0
github.com/confidential-containers/cloud-api-adaptor/src/cloud-providers/libvirt/volume.go:347.37,349.3 1 0
